J1 Project Base modules:  
+ lnk-cli@1.0.1
+ npm-run-all@4.1.5
+ cross-var@1.1.0
+ cross-env@5.2.1
+ shx@0.3.3
added 242 packages from 116 contributors and audited 242 packages in 11.949s

19 packages are looking for funding
  run `npm fund` for details

found 0 vulnerabilities

J1 Project modules:  
added 37 packages from 31 contributors and audited 283 packages in 1.934s

19 packages are looking for funding
  run `npm fund` for details

found 0 vulnerabilities

J1 Utility Server modules:  
added 326 packages from 213 contributors and audited 326 packages in 7.982s

20 packages are looking for funding
  run `npm fund` for details

found 0 vulnerabilities

